2020-04-30 21:35:47,457 [Worker-3: Loading available Gradle versions] INFO  o.e.b.c.i.u.g.PublishedGradleVersions - Gradle version information cache is out-of-date. Trying to update.
2020-04-30 22:00:00,690 [Worker-1: Loading available Gradle versions] INFO  o.e.b.c.i.u.g.PublishedGradleVersions - Gradle version information cache is up-to-date. Trying to read.
2020-04-30 22:02:12,770 [Worker-3: Loading available Gradle versions] INFO  o.e.b.c.i.u.g.PublishedGradleVersions - Gradle version information cache is up-to-date. Trying to read.
2020-05-01 12:36:27,333 [Worker-135: Import Getting Started Content] INFO  o.e.m.c.i.l.LifecycleMappingFactory - Using org.eclipse.m2e.jdt.JarLifecycleMapping lifecycle mapping for MavenProject: bolsa-deideas-spring-boot-app:Primer-Aplicacion:0.0.1-SNAPSHOT @ C:\xampp\htdocs\A\SPG\Primer-Aplicacion\pom.xml.
2020-05-01 12:36:35,972 [Worker-135: Import Getting Started Content] INFO  o.e.m.j.i.AbstractJavaProjectConfigurator - Adding source folder /Primer-Aplicacion/src/main/java
2020-05-01 12:36:35,973 [Worker-135: Import Getting Started Content] INFO  o.e.m.j.i.AbstractJavaProjectConfigurator - Adding resource folder /Primer-Aplicacion/src/main/resources
2020-05-01 12:36:36,002 [Worker-135: Import Getting Started Content] INFO  o.e.m.j.i.AbstractJavaProjectConfigurator - Adding resource folder /Primer-Aplicacion/src/main/resources
2020-05-01 12:36:36,074 [Worker-135: Import Getting Started Content] INFO  o.e.m.j.i.AbstractJavaProjectConfigurator - Adding source folder /Primer-Aplicacion/src/test/java
2020-05-01 12:36:44,438 [Worker-135: Import Getting Started Content] INFO  o.e.m.c.i.p.ProjectConfigurationManager - Imported and configured 1 project(s) in 30 sec
2020-05-01 12:36:44,464 [Worker-135: Import Getting Started Content] INFO  o.e.m.c.i.p.ProjectConfigurationManager - Update started
2020-05-01 12:36:47,256 [Worker-135: Import Getting Started Content] INFO  o.e.m.c.i.l.LifecycleMappingFactory - Using org.eclipse.m2e.jdt.JarLifecycleMapping lifecycle mapping for MavenProject: bolsa-deideas-spring-boot-app:Primer-Aplicacion:0.0.1-SNAPSHOT @ C:\xampp\htdocs\A\SPG\Primer-Aplicacion\pom.xml.
2020-05-01 12:36:49,596 [Worker-135: Import Getting Started Content] INFO  o.e.m.j.i.AbstractJavaProjectConfigurator - Adding source folder /Primer-Aplicacion/src/main/java
2020-05-01 12:36:49,597 [Worker-135: Import Getting Started Content] INFO  o.e.m.j.i.AbstractJavaProjectConfigurator - Adding resource folder /Primer-Aplicacion/src/main/resources
2020-05-01 12:36:49,607 [Worker-135: Import Getting Started Content] INFO  o.e.m.j.i.AbstractJavaProjectConfigurator - Adding resource folder /Primer-Aplicacion/src/main/resources
2020-05-01 12:36:49,633 [Worker-135: Import Getting Started Content] INFO  o.e.m.j.i.AbstractJavaProjectConfigurator - Adding source folder /Primer-Aplicacion/src/test/java
2020-05-01 12:36:51,162 [Worker-135: Import Getting Started Content] INFO  o.e.m.c.i.p.ProjectConfigurationManager - Update completed: 6 sec
2020-05-01 12:37:18,940 [Worker-139: Building] INFO  o.e.m.c.i.embedder.EclipseLogger - Using 'UTF-8' encoding to copy filtered resources.
2020-05-01 12:37:18,953 [Worker-139: Building] INFO  o.e.m.c.i.embedder.EclipseLogger - Copying 1 resource
2020-05-01 12:37:18,995 [Worker-139: Building] INFO  o.e.m.c.i.embedder.EclipseLogger - Copying 0 resource
2020-05-01 12:37:19,015 [Worker-139: Building] INFO  o.e.m.c.i.embedder.EclipseLogger - Using 'UTF-8' encoding to copy filtered resources.
2020-05-01 12:37:19,015 [Worker-139: Building] INFO  o.e.m.c.i.embedder.EclipseLogger - skip non existing resourceDirectory C:\xampp\htdocs\A\SPG\Primer-Aplicacion\src\test\resources
2020-05-01 12:44:00,677 [Worker-135: Updating Maven Dependencies] ERROR o.e.m.c.i.p.r.ProjectRegistryRefreshJob - null
java.lang.NullPointerException: null
	at com.baselet.plugin.MavenProjectChangedListener.mavenProjectChanged(MavenProjectChangedListener.java:30) ~[na:na]
	at org.eclipse.m2e.core.internal.project.registry.ProjectRegistryManager.notifyProjectChangeListeners(ProjectRegistryManager.java:821) ~[na:na]
	at org.eclipse.m2e.core.internal.project.registry.ProjectRegistryManager.applyMutableProjectRegistry(ProjectRegistryManager.java:985) ~[na:na]
	at org.eclipse.m2e.core.internal.project.registry.ProjectRegistryRefreshJob.lambda$0(ProjectRegistryRefreshJob.java:149) ~[na:na]
	at org.eclipse.m2e.core.internal.embedder.MavenExecutionContext.executeBare(MavenExecutionContext.java:179) ~[na:na]
	at org.eclipse.m2e.core.internal.embedder.MavenExecutionContext.execute(MavenExecutionContext.java:153) ~[na:na]
	at org.eclipse.m2e.core.internal.embedder.MavenExecutionContext.execute(MavenExecutionContext.java:101) ~[na:na]
	at org.eclipse.m2e.core.internal.embedder.MavenImpl.execute(MavenImpl.java:1373) ~[na:na]
	at org.eclipse.m2e.core.internal.project.registry.ProjectRegistryRefreshJob.run(ProjectRegistryRefreshJob.java:84) ~[na:na]
	at org.eclipse.core.internal.jobs.Worker.run(Worker.java:63) [org.eclipse.core.jobs_3.10.700.v20200106-1020.jar:na]
2020-05-01 12:44:48,204 [Worker-135: Import Getting Started Content] INFO  o.e.m.c.i.l.LifecycleMappingFactory - Using org.eclipse.m2e.jdt.JarLifecycleMapping lifecycle mapping for MavenProject: bolsa-deideas-spring-boot-app:Primer-Aplicacion:0.0.1-SNAPSHOT @ C:\xampp\htdocs\A\SPG\Primer-Aplicacion\pom.xml.
2020-05-01 12:44:49,632 [Worker-135: Import Getting Started Content] INFO  o.e.m.j.i.AbstractJavaProjectConfigurator - Adding source folder /Primer-Aplicacion/src/main/java
2020-05-01 12:44:49,634 [Worker-135: Import Getting Started Content] INFO  o.e.m.j.i.AbstractJavaProjectConfigurator - Adding resource folder /Primer-Aplicacion/src/main/resources
2020-05-01 12:44:49,658 [Worker-135: Import Getting Started Content] INFO  o.e.m.j.i.AbstractJavaProjectConfigurator - Adding resource folder /Primer-Aplicacion/src/main/resources
2020-05-01 12:44:49,707 [Worker-135: Import Getting Started Content] INFO  o.e.m.j.i.AbstractJavaProjectConfigurator - Adding source folder /Primer-Aplicacion/src/test/java
2020-05-01 12:44:50,940 [Worker-135: Import Getting Started Content] INFO  o.e.m.c.i.p.ProjectConfigurationManager - Imported and configured 1 project(s) in 4 sec
2020-05-01 12:44:50,944 [Worker-135: Import Getting Started Content] INFO  o.e.m.c.i.p.ProjectConfigurationManager - Update started
2020-05-01 12:44:52,357 [Worker-135: Import Getting Started Content] INFO  o.e.m.c.i.l.LifecycleMappingFactory - Using org.eclipse.m2e.jdt.JarLifecycleMapping lifecycle mapping for MavenProject: bolsa-deideas-spring-boot-app:Primer-Aplicacion:0.0.1-SNAPSHOT @ C:\xampp\htdocs\A\SPG\Primer-Aplicacion\pom.xml.
2020-05-01 12:44:53,717 [Worker-135: Import Getting Started Content] INFO  o.e.m.j.i.AbstractJavaProjectConfigurator - Adding source folder /Primer-Aplicacion/src/main/java
2020-05-01 12:44:53,718 [Worker-135: Import Getting Started Content] INFO  o.e.m.j.i.AbstractJavaProjectConfigurator - Adding resource folder /Primer-Aplicacion/src/main/resources
2020-05-01 12:44:53,786 [Worker-135: Import Getting Started Content] INFO  o.e.m.j.i.AbstractJavaProjectConfigurator - Adding resource folder /Primer-Aplicacion/src/main/resources
2020-05-01 12:44:53,893 [Worker-135: Import Getting Started Content] INFO  o.e.m.j.i.AbstractJavaProjectConfigurator - Adding source folder /Primer-Aplicacion/src/test/java
2020-05-01 12:44:54,387 [Worker-135: Import Getting Started Content] INFO  o.e.m.c.i.p.ProjectConfigurationManager - Update completed: 3 sec
2020-05-01 12:44:57,032 [Worker-143: Building] INFO  o.e.m.c.i.embedder.EclipseLogger - Using 'UTF-8' encoding to copy filtered resources.
2020-05-01 12:44:57,039 [Worker-143: Building] INFO  o.e.m.c.i.embedder.EclipseLogger - Copying 1 resource
2020-05-01 12:44:57,069 [Worker-143: Building] INFO  o.e.m.c.i.embedder.EclipseLogger - Copying 0 resource
2020-05-01 12:44:57,089 [Worker-143: Building] INFO  o.e.m.c.i.embedder.EclipseLogger - Using 'UTF-8' encoding to copy filtered resources.
2020-05-01 12:44:57,094 [Worker-143: Building] INFO  o.e.m.c.i.embedder.EclipseLogger - skip non existing resourceDirectory C:\xampp\htdocs\A\SPG\Primer-Aplicacion\src\test\resources
2020-05-01 13:13:01,559 [Worker-151: Building] INFO  o.e.m.c.i.embedder.EclipseLogger - Using 'UTF-8' encoding to copy filtered resources.
2020-05-01 13:13:01,580 [Worker-151: Building] INFO  o.e.m.c.i.embedder.EclipseLogger - Copying 0 resource
2020-05-01 13:13:01,581 [Worker-151: Building] INFO  o.e.m.c.i.embedder.EclipseLogger - Copying 0 resource
2020-05-01 13:13:01,590 [Worker-151: Building] INFO  o.e.m.c.i.embedder.EclipseLogger - Using 'UTF-8' encoding to copy filtered resources.
2020-05-01 13:13:01,590 [Worker-151: Building] INFO  o.e.m.c.i.embedder.EclipseLogger - skip non existing resourceDirectory C:\xampp\htdocs\A\SPG\Primer-Aplicacion\src\test\resources
2020-05-01 13:13:26,665 [Worker-152: Building] INFO  o.e.m.c.i.embedder.EclipseLogger - Using 'UTF-8' encoding to copy filtered resources.
2020-05-01 13:13:26,666 [Worker-152: Building] INFO  o.e.m.c.i.embedder.EclipseLogger - Copying 0 resource
2020-05-01 13:13:26,666 [Worker-152: Building] INFO  o.e.m.c.i.embedder.EclipseLogger - Copying 0 resource
2020-05-01 13:13:26,687 [Worker-152: Building] INFO  o.e.m.c.i.embedder.EclipseLogger - Using 'UTF-8' encoding to copy filtered resources.
2020-05-01 13:13:26,688 [Worker-152: Building] INFO  o.e.m.c.i.embedder.EclipseLogger - skip non existing resourceDirectory C:\xampp\htdocs\A\SPG\Primer-Aplicacion\src\test\resources
2020-05-01 13:15:54,654 [Worker-152: Building] INFO  o.e.m.c.i.embedder.EclipseLogger - Using 'UTF-8' encoding to copy filtered resources.
2020-05-01 13:15:54,676 [Worker-152: Building] INFO  o.e.m.c.i.embedder.EclipseLogger - Copying 1 resource
2020-05-01 13:15:54,682 [Worker-152: Building] INFO  o.e.m.c.i.embedder.EclipseLogger - Copying 0 resource
2020-05-01 13:15:54,687 [Worker-152: Building] INFO  o.e.m.c.i.embedder.EclipseLogger - Using 'UTF-8' encoding to copy filtered resources.
2020-05-01 13:15:54,687 [Worker-152: Building] INFO  o.e.m.c.i.embedder.EclipseLogger - skip non existing resourceDirectory C:\xampp\htdocs\A\SPG\Primer-Aplicacion\src\test\resources
2020-05-01 13:17:15,708 [Worker-154: Building] INFO  o.e.m.c.i.embedder.EclipseLogger - Using 'UTF-8' encoding to copy filtered resources.
2020-05-01 13:17:15,710 [Worker-154: Building] INFO  o.e.m.c.i.embedder.EclipseLogger - Copying 1 resource
2020-05-01 13:17:15,713 [Worker-154: Building] INFO  o.e.m.c.i.embedder.EclipseLogger - Copying 0 resource
2020-05-01 13:17:15,717 [Worker-154: Building] INFO  o.e.m.c.i.embedder.EclipseLogger - Using 'UTF-8' encoding to copy filtered resources.
2020-05-01 13:17:15,717 [Worker-154: Building] INFO  o.e.m.c.i.embedder.EclipseLogger - skip non existing resourceDirectory C:\xampp\htdocs\A\SPG\Primer-Aplicacion\src\test\resources
2020-05-01 13:18:57,081 [Worker-152: Building] INFO  o.e.m.c.i.embedder.EclipseLogger - Using 'UTF-8' encoding to copy filtered resources.
2020-05-01 13:18:57,084 [Worker-152: Building] INFO  o.e.m.c.i.embedder.EclipseLogger - Copying 1 resource
2020-05-01 13:18:57,090 [Worker-152: Building] INFO  o.e.m.c.i.embedder.EclipseLogger - Copying 0 resource
2020-05-01 13:18:57,098 [Worker-152: Building] INFO  o.e.m.c.i.embedder.EclipseLogger - Using 'UTF-8' encoding to copy filtered resources.
2020-05-01 13:18:57,099 [Worker-152: Building] INFO  o.e.m.c.i.embedder.EclipseLogger - skip non existing resourceDirectory C:\xampp\htdocs\A\SPG\Primer-Aplicacion\src\test\resources
2020-05-01 13:20:12,915 [Worker-151: Building] INFO  o.e.m.c.i.embedder.EclipseLogger - Using 'UTF-8' encoding to copy filtered resources.
2020-05-01 13:20:12,941 [Worker-151: Building] INFO  o.e.m.c.i.embedder.EclipseLogger - Copying 1 resource
2020-05-01 13:20:12,949 [Worker-151: Building] INFO  o.e.m.c.i.embedder.EclipseLogger - Copying 0 resource
2020-05-01 13:20:13,154 [Worker-151: Building] INFO  o.e.m.c.i.embedder.EclipseLogger - Using 'UTF-8' encoding to copy filtered resources.
2020-05-01 13:20:13,155 [Worker-151: Building] INFO  o.e.m.c.i.embedder.EclipseLogger - skip non existing resourceDirectory C:\xampp\htdocs\A\SPG\Primer-Aplicacion\src\test\resources
2020-05-01 13:42:29,978 [Worker-158: Building] INFO  o.e.m.c.i.embedder.EclipseLogger - Using 'UTF-8' encoding to copy filtered resources.
2020-05-01 13:42:29,979 [Worker-158: Building] INFO  o.e.m.c.i.embedder.EclipseLogger - Copying 0 resource
2020-05-01 13:42:29,979 [Worker-158: Building] INFO  o.e.m.c.i.embedder.EclipseLogger - Copying 0 resource
2020-05-01 13:42:29,997 [Worker-158: Building] INFO  o.e.m.c.i.embedder.EclipseLogger - Using 'UTF-8' encoding to copy filtered resources.
2020-05-01 13:42:29,997 [Worker-158: Building] INFO  o.e.m.c.i.embedder.EclipseLogger - skip non existing resourceDirectory C:\xampp\htdocs\A\SPG\Primer-Aplicacion\src\test\resources
2020-05-01 13:49:58,910 [Worker-175: Building] INFO  o.e.m.c.i.l.LifecycleMappingFactory - Using org.eclipse.m2e.jdt.JarLifecycleMapping lifecycle mapping for MavenProject: bolsa-deideas-spring-boot-app:Primer-Aplicacion:0.0.1-SNAPSHOT @ C:\xampp\htdocs\A\SPG\Primer-Aplicacion\pom.xml.
2020-05-01 13:50:01,416 [Worker-175: Building] INFO  o.e.m.c.i.embedder.EclipseLogger - Using 'UTF-8' encoding to copy filtered resources.
2020-05-01 13:50:01,426 [Worker-175: Building] INFO  o.e.m.c.i.embedder.EclipseLogger - Copying 1 resource
2020-05-01 13:50:01,460 [Worker-175: Building] INFO  o.e.m.c.i.embedder.EclipseLogger - Copying 0 resource
2020-05-01 13:50:01,467 [Worker-175: Building] INFO  o.e.m.c.i.embedder.EclipseLogger - Using 'UTF-8' encoding to copy filtered resources.
2020-05-01 13:50:01,467 [Worker-175: Building] INFO  o.e.m.c.i.embedder.EclipseLogger - skip non existing resourceDirectory C:\xampp\htdocs\A\SPG\Primer-Aplicacion\src\test\resources
